<?xml version="1.0" encoding="UTF-8"?>
<!-- Generated by org.testng.reporters.JUnitReportReporter -->
<testsuite name="CodeCoverageTest" tests="2" time="0.049" ignored="0" failures="0" timestamp="03 四月 2020 02:34:16 GMT" skipped="0" hostname="jh-PC" errors="0">
  <testcase name="testSayHello1" time="0.025" classname="CodeCoverageTest"/>
  <testcase name="testSayHello2" time="0.024" classname="CodeCoverageTest"/>
</testsuite> <!-- CodeCoverageTest -->
